<?xml version="1.0" encoding="UTF-8"?>
<testsuite xmlns:xsi="http://www.w3.org/2001/XMLSchema-instance" xsi:noNamespaceSchemaLocation="https://maven.apache.org/surefire/maven-surefire-plugin/xsd/surefire-test-report.xsd" name="org.univ_paris8.iut.montreuil.qdev.tp2024.gr1.operationTeteVide.questionnaire_sme.AppTest" time="0.018" tests="1" errors="0" skipped="0" failures="0">
  <properties>
    <property name="java.specification.version" value="19"/>
    <property name="sun.jnu.encoding" value="UTF-8"/>
    <property name="java.class.path" value="/home/etudiants/info/slopes/eclipse-workspace/questionnaire_sme/target/test-classes:/home/etudiants/info/slopes/eclipse-workspace/questionnaire_sme/target/classes:/home/etudiants/info/slopes/.m2/repository/junit/junit/3.8.1/junit-3.8.1.jar:/home/etudiants/info/slopes/.m2/repository/com/opencsv/opencsv/5.9/opencsv-5.9.jar:/home/etudiants/info/slopes/.m2/repository/org/apache/commons/commons-lang3/3.13.0/commons-lang3-3.13.0.jar:/home/etudiants/info/slopes/.m2/repository/org/apache/commons/commons-text/1.11.0/commons-text-1.11.0.jar:/home/etudiants/info/slopes/.m2/repository/commons-beanutils/commons-beanutils/1.9.4/commons-beanutils-1.9.4.jar:/home/etudiants/info/slopes/.m2/repository/commons-logging/commons-logging/1.2/commons-logging-1.2.jar:/home/etudiants/info/slopes/.m2/repository/commons-collections/commons-collections/3.2.2/commons-collections-3.2.2.jar:/home/etudiants/info/slopes/.m2/repository/org/apache/commons/commons-collections4/4.4/commons-collections4-4.4.jar:"/>
    <property name="java.vm.vendor" value="Oracle Corporation"/>
    <property name="sun.arch.data.model" value="64"/>
    <property name="java.vendor.url" value="https://java.oracle.com/"/>
    <property name="os.name" value="Linux"/>
    <property name="java.vm.specification.version" value="19"/>
    <property name="sun.java.launcher" value="SUN_STANDARD"/>
    <property name="user.country" value="FR"/>
    <property name="sun.boot.library.path" value="/home/etudiants/info/slopes/.jdks/openjdk-19.0.1/lib"/>
    <property name="sun.java.command" value="/home/etudiants/info/slopes/eclipse-workspace/questionnaire_sme/target/surefire/surefirebooter2272354256822429446.jar /home/etudiants/info/slopes/eclipse-workspace/questionnaire_sme/target/surefire 2024-03-13T14-57-58_268-jvmRun1 surefire7507057732078952529tmp surefire_010899012337348341138tmp"/>
    <property name="jdk.debug" value="release"/>
    <property name="surefire.test.class.path" value="/home/etudiants/info/slopes/eclipse-workspace/questionnaire_sme/target/test-classes:/home/etudiants/info/slopes/eclipse-workspace/questionnaire_sme/target/classes:/home/etudiants/info/slopes/.m2/repository/junit/junit/3.8.1/junit-3.8.1.jar:/home/etudiants/info/slopes/.m2/repository/com/opencsv/opencsv/5.9/opencsv-5.9.jar:/home/etudiants/info/slopes/.m2/repository/org/apache/commons/commons-lang3/3.13.0/commons-lang3-3.13.0.jar:/home/etudiants/info/slopes/.m2/repository/org/apache/commons/commons-text/1.11.0/commons-text-1.11.0.jar:/home/etudiants/info/slopes/.m2/repository/commons-beanutils/commons-beanutils/1.9.4/commons-beanutils-1.9.4.jar:/home/etudiants/info/slopes/.m2/repository/commons-logging/commons-logging/1.2/commons-logging-1.2.jar:/home/etudiants/info/slopes/.m2/repository/commons-collections/commons-collections/3.2.2/commons-collections-3.2.2.jar:/home/etudiants/info/slopes/.m2/repository/org/apache/commons/commons-collections4/4.4/commons-collections4-4.4.jar:"/>
    <property name="sun.cpu.endian" value="little"/>
    <property name="user.home" value="/home/etudiants/info/slopes"/>
    <property name="user.language" value="fr"/>
    <property name="java.specification.vendor" value="Oracle Corporation"/>
    <property name="java.version.date" value="2022-10-18"/>
    <property name="java.home" value="/home/etudiants/info/slopes/.jdks/openjdk-19.0.1"/>
    <property name="file.separator" value="/"/>
    <property name="basedir" value="/home/etudiants/info/slopes/eclipse-workspace/questionnaire_sme"/>
    <property name="java.vm.compressedOopsMode" value="Zero based"/>
    <property name="line.separator" value="&#10;"/>
    <property name="java.specification.name" value="Java Platform API Specification"/>
    <property name="java.vm.specification.vendor" value="Oracle Corporation"/>
    <property name="surefire.real.class.path" value="/home/etudiants/info/slopes/eclipse-workspace/questionnaire_sme/target/surefire/surefirebooter2272354256822429446.jar"/>
    <property name="sun.management.compiler" value="HotSpot 64-Bit Tiered Compilers"/>
    <property name="java.runtime.version" value="19.0.1+10-21"/>
    <property name="user.name" value="slopes"/>
    <property name="stdout.encoding" value="UTF-8"/>
    <property name="path.separator" value=":"/>
    <property name="os.version" value="5.4.0-150-generic"/>
    <property name="java.runtime.name" value="OpenJDK Runtime Environment"/>
    <property name="file.encoding" value="UTF-8"/>
    <property name="java.vm.name" value="OpenJDK 64-Bit Server VM"/>
    <property name="localRepository" value="/home/etudiants/info/slopes/.m2/repository"/>
    <property name="java.vendor.url.bug" value="https://bugreport.java.com/bugreport/"/>
    <property name="java.io.tmpdir" value="/tmp"/>
    <property name="idea.version" value="2022.3.2"/>
    <property name="java.version" value="19.0.1"/>
    <property name="user.dir" value="/home/etudiants/info/slopes/eclipse-workspace/questionnaire_sme"/>
    <property name="os.arch" value="amd64"/>
    <property name="java.vm.specification.name" value="Java Virtual Machine Specification"/>
    <property name="native.encoding" value="UTF-8"/>
    <property name="java.library.path" value="/usr/java/packages/lib:/usr/lib64:/lib64:/lib:/usr/lib"/>
    <property name="java.vm.info" value="mixed mode, sharing"/>
    <property name="stderr.encoding" value="UTF-8"/>
    <property name="java.vendor" value="Oracle Corporation"/>
    <property name="java.vm.version" value="19.0.1+10-21"/>
    <property name="sun.io.unicode.encoding" value="UnicodeLittle"/>
    <property name="java.class.version" value="63.0"/>
  </properties>
  <testcase name="testApp" classname="org.univ_paris8.iut.montreuil.qdev.tp2024.gr1.operationTeteVide.questionnaire_sme.AppTest" time="0.006"/>
</testsuite>